{"numFailedTestSuites":1,"numFailedTests":0,"numPassedTestSuites":24,"numPassedTests":111,"numPendingTestSuites":0,"numPendingTests":0,"numRuntimeErrorTestSuites":1,"numTodoTests":0,"numTotalTestSuites":25,"numTotalTests":111,"openHandles":[],"snapshot":{"added":0,"didUpdate":false,"failure":false,"filesAdded":0,"filesRemoved":0,"filesRemovedList":[],"filesUnmatched":0,"filesUpdated":0,"matched":0,"total":0,"unchecked":0,"uncheckedKeysByFile":[],"unmatched":0,"updated":0},"startTime":1771375745927,"success":false,"testResults":[{"assertionResults":[{"ancestorTitles":["NormalizationEnforcer"],"duration":398,"failureDetails":[],"failureMessages":[],"fullName":"NormalizationEnforcer должен проходить валидацию для суммы ~1.0","invocations":1,"location":null,"numPassingAsserts":2,"retryReasons":[],"status":"passed","title":"должен проходить валидацию для суммы ~1.0"},{"ancestorTitles":["NormalizationEnforcer"],"duration":261,"failureDetails":[],"failureMessages":[],"fullName":"NormalizationEnforcer должен кидать ошибку если сумма отклоняется > 0.001","invocations":1,"location":null,"numPassingAsserts":1,"retryReasons":[],"status":"passed","title":"должен кидать ошибку если сумма отклоняется > 0.001"},{"ancestorTitles":["NormalizationEnforcer"],"duration":27,"failureDetails":[],"failureMessages":[],"fullName":"NormalizationEnforcer должен нормализовать распределение","invocations":1,"location":null,"numPassingAsserts":1,"retryReasons":[],"status":"passed","title":"должен нормализовать распределение"}],"endTime":1771375877566,"message":"","name":"F:\\RAI_EP\\apps\\api\\src\\modules\\generative-engine\\probability\\normalization-enforcer.spec.ts","startTime":1771375752571,"status":"passed","summary":""},{"assertionResults":[{"ancestorTitles":["SimulationRunService"],"duration":384,"failureDetails":[],"failureMessages":[],"fullName":"SimulationRunService должен запускать симуляцию для списка сценариев","invocations":1,"location":null,"numPassingAsserts":3,"retryReasons":[],"status":"passed","title":"должен запускать симуляцию для списка сценариев"}],"endTime":1771375878067,"message":"","name":"F:\\RAI_EP\\apps\\api\\src\\modules\\generative-engine\\simulation\\simulation-run.service.spec.ts","startTime":1771375751386,"status":"passed","summary":""},{"assertionResults":[{"ancestorTitles":["ProbabilityDistributionBuilder"],"duration":669,"failureDetails":[],"failureMessages":[],"fullName":"ProbabilityDistributionBuilder должен строить гауссово распределение","invocations":1,"location":null,"numPassingAsserts":5,"retryReasons":[],"status":"passed","title":"должен строить гауссово распределение"}],"endTime":1771375879592,"message":"","name":"F:\\RAI_EP\\apps\\api\\src\\modules\\generative-engine\\probability\\probability-distribution-builder.spec.ts","startTime":1771375753171,"status":"passed","summary":""},{"assertionResults":[{"ancestorTitles":["IsolationGuard"],"duration":168,"failureDetails":[],"failureMessages":[],"fullName":"IsolationGuard должен разрешать SIMULATION контекст","invocations":1,"location":null,"numPassingAsserts":1,"retryReasons":[],"status":"passed","title":"должен разрешать SIMULATION контекст"},{"ancestorTitles":["IsolationGuard"],"duration":294,"failureDetails":[],"failureMessages":[],"fullName":"IsolationGuard должен блокировать запись в production таблицы","invocations":1,"location":null,"numPassingAsserts":1,"retryReasons":[],"status":"passed","title":"должен блокировать запись в production таблицы"}],"endTime":1771375879901,"message":"","name":"F:\\RAI_EP\\apps\\api\\src\\modules\\generative-engine\\simulation\\isolation-guard.spec.ts","startTime":1771375752887,"status":"passed","summary":""},{"assertionResults":[{"ancestorTitles":["TechMapStateMachine","Happy Paths"],"duration":808,"failureDetails":[],"failureMessages":[],"fullName":"TechMapStateMachine Happy Paths Manager can move DRAFT -> REVIEW","invocations":1,"location":null,"numPassingAsserts":2,"retryReasons":[],"status":"passed","title":"Manager can move DRAFT -> REVIEW"},{"ancestorTitles":["TechMapStateMachine","Happy Paths"],"duration":301,"failureDetails":[],"failureMessages":[],"fullName":"TechMapStateMachine Happy Paths Agronomist can move REVIEW -> APPROVED","invocations":1,"location":null,"numPassingAsserts":1,"retryReasons":[],"status":"passed","title":"Agronomist can move REVIEW -> APPROVED"},{"ancestorTitles":["TechMapStateMachine","Happy Paths"],"duration":22,"failureDetails":[],"failureMessages":[],"fullName":"TechMapStateMachine Happy Paths CEO can move APPROVED -> ACTIVE","invocations":1,"location":null,"numPassingAsserts":1,"retryReasons":[],"status":"passed","title":"CEO can move APPROVED -> ACTIVE"},{"ancestorTitles":["TechMapStateMachine","Happy Paths"],"duration":59,"failureDetails":[],"failureMessages":[],"fullName":"TechMapStateMachine Happy Paths Admin can move ACTIVE -> ARCHIVED","invocations":1,"location":null,"numPassingAsserts":1,"retryReasons":[],"status":"passed","title":"Admin can move ACTIVE -> ARCHIVED"},{"ancestorTitles":["TechMapStateMachine","RBAC Failures"],"duration":270,"failureDetails":[],"failureMessages":[],"fullName":"TechMapStateMachine RBAC Failures Field Worker CANNOT move APPROVED -> ACTIVE","invocations":1,"location":null,"numPassingAsserts":2,"retryReasons":[],"status":"passed","title":"Field Worker CANNOT move APPROVED -> ACTIVE"},{"ancestorTitles":["TechMapStateMachine","RBAC Failures"],"duration":179,"failureDetails":[],"failureMessages":[],"fullName":"TechMapStateMachine RBAC Failures Manager CANNOT move APPROVED -> ACTIVE (CEO/Admin only)","invocations":1,"location":null,"numPassingAsserts":1,"retryReasons":[],"status":"passed","title":"Manager CANNOT move APPROVED -> ACTIVE (CEO/Admin only)"},{"ancestorTitles":["TechMapStateMachine","Illegal Transitions"],"duration":22,"failureDetails":[],"failureMessages":[],"fullName":"TechMapStateMachine Illegal Transitions Cannot skip statuses (DRAFT -> ACTIVE)","invocations":1,"location":null,"numPassingAsserts":1,"retryReasons":[],"status":"passed","title":"Cannot skip statuses (DRAFT -> ACTIVE)"},{"ancestorTitles":["TechMapStateMachine","Illegal Transitions"],"duration":24,"failureDetails":[],"failureMessages":[],"fullName":"TechMapStateMachine Illegal Transitions Cannot go back from ACTIVE -> DRAFT","invocations":1,"location":null,"numPassingAsserts":1,"retryReasons":[],"status":"passed","title":"Cannot go back from ACTIVE -> DRAFT"}],"endTime":1771375884166,"message":"","name":"F:\\RAI_EP\\apps\\api\\src\\modules\\tech-map\\fsm\\tech-map.fsm.spec.ts","startTime":1771375752746,"status":"passed","summary":""},{"assertionResults":[{"ancestorTitles":["DraftStateManager","handlesStatus"],"duration":113,"failureDetails":[],"failureMessages":[],"fullName":"DraftStateManager handlesStatus должен возвращать true для GENERATED_DRAFT","invocations":1,"location":null,"numPassingAsserts":1,"retryReasons":[],"status":"passed","title":"должен возвращать true для GENERATED_DRAFT"},{"ancestorTitles":["DraftStateManager","handlesStatus"],"duration":2,"failureDetails":[],"failureMessages":[],"fullName":"DraftStateManager handlesStatus должен возвращать false для других статусов","invocations":1,"location":null,"numPassingAsserts":2,"retryReasons":[],"status":"passed","title":"должен возвращать false для других статусов"},{"ancestorTitles":["DraftStateManager"],"duration":10,"failureDetails":[],"failureMessages":[],"fullName":"DraftStateManager должен возвращать DRAFT и ARCHIVED для GENERATED_DRAFT","invocations":1,"location":null,"numPassingAsserts":3,"retryReasons":[],"status":"passed","title":"должен возвращать DRAFT и ARCHIVED для GENERATED_DRAFT"},{"ancestorTitles":["DraftStateManager","canTransition"],"duration":3,"failureDetails":[],"failureMessages":[],"fullName":"DraftStateManager canTransition должен разрешать переход в DRAFT при участии человека (I17)","invocations":1,"location":null,"numPassingAsserts":1,"retryReasons":[],"status":"passed","title":"должен разрешать переход в DRAFT при участии человека (I17)"},{"ancestorTitles":["DraftStateManager","canTransition"],"duration":3,"failureDetails":[],"failureMessages":[],"fullName":"DraftStateManager canTransition должен разрешать переход в ARCHIVED (reject)","invocations":1,"location":null,"numPassingAsserts":1,"retryReasons":[],"status":"passed","title":"должен разрешать переход в ARCHIVED (reject)"},{"ancestorTitles":["DraftStateManager","canTransition"],"duration":1,"failureDetails":[],"failureMessages":[],"fullName":"DraftStateManager canTransition должен ЗАПРЕЩАТЬ переход в REVIEW напрямую","invocations":1,"location":null,"numPassingAsserts":1,"retryReasons":[],"status":"passed","title":"должен ЗАПРЕЩАТЬ переход в REVIEW напрямую"},{"ancestorTitles":["DraftStateManager","canTransition"],"duration":2,"failureDetails":[],"failureMessages":[],"fullName":"DraftStateManager canTransition должен ЗАПРЕЩАТЬ переход в ACTIVE напрямую","invocations":1,"location":null,"numPassingAsserts":1,"retryReasons":[],"status":"passed","title":"должен ЗАПРЕЩАТЬ переход в ACTIVE напрямую"},{"ancestorTitles":["DraftStateManager","canTransition"],"duration":3,"failureDetails":[],"failureMessages":[],"fullName":"DraftStateManager canTransition должен ЗАПРЕЩАТЬ переходы если роль SYSTEM/AI (I17)","invocations":1,"location":null,"numPassingAsserts":1,"retryReasons":[],"status":"passed","title":"должен ЗАПРЕЩАТЬ переходы если роль SYSTEM/AI (I17)"}],"endTime":1771375884750,"message":"","name":"F:\\RAI_EP\\apps\\api\\src\\modules\\generative-engine\\fsm\\draft-state-manager.spec.ts","startTime":1771375877641,"status":"passed","summary":""},{"assertionResults":[{"ancestorTitles":["ConfidenceIntervalValidator"],"duration":460,"failureDetails":[],"failureMessages":[],"fullName":"ConfidenceIntervalValidator должен пропускать корректные интервалы","invocations":1,"location":null,"numPassingAsserts":1,"retryReasons":[],"status":"passed","title":"должен пропускать корректные интервалы"},{"ancestorTitles":["ConfidenceIntervalValidator"],"duration":386,"failureDetails":[],"failureMessages":[],"fullName":"ConfidenceIntervalValidator должен кидать ошибку на некорректный уровень доверия","invocations":1,"location":null,"numPassingAsserts":2,"retryReasons":[],"status":"passed","title":"должен кидать ошибку на некорректный уровень доверия"},{"ancestorTitles":["ConfidenceIntervalValidator"],"duration":23,"failureDetails":[],"failureMessages":[],"fullName":"ConfidenceIntervalValidator должен кидать ошибку если lower >= upper","invocations":1,"location":null,"numPassingAsserts":1,"retryReasons":[],"status":"passed","title":"должен кидать ошибку если lower >= upper"}],"endTime":1771375886103,"message":"","name":"F:\\RAI_EP\\apps\\api\\src\\modules\\generative-engine\\probability\\confidence-interval-validator.spec.ts","startTime":1771375752285,"status":"passed","summary":""},{"assertionResults":[{"ancestorTitles":["IntegrityGateGenerative","validateGeneratedDraft"],"duration":445,"failureDetails":[],"failureMessages":[],"fullName":"IntegrityGateGenerative validateGeneratedDraft должен проходить, если хеш совпадает и каноникализация idempotent","invocations":1,"location":null,"numPassingAsserts":2,"retryReasons":[],"status":"passed","title":"должен проходить, если хеш совпадает и каноникализация idempotent"},{"ancestorTitles":["IntegrityGateGenerative","validateGeneratedDraft"],"duration":343,"failureDetails":[],"failureMessages":[],"fullName":"IntegrityGateGenerative validateGeneratedDraft должен кидать ошибку, если хеш НЕ совпадает","invocations":1,"location":null,"numPassingAsserts":1,"retryReasons":[],"status":"passed","title":"должен кидать ошибку, если хеш НЕ совпадает"},{"ancestorTitles":["IntegrityGateGenerative","validateGeneratedDraft"],"duration":25,"failureDetails":[],"failureMessages":[],"fullName":"IntegrityGateGenerative validateGeneratedDraft должен кидать ошибку, если каноникализация не idempotent","invocations":1,"location":null,"numPassingAsserts":1,"retryReasons":[],"status":"passed","title":"должен кидать ошибку, если каноникализация не idempotent"},{"ancestorTitles":["IntegrityGateGenerative","validateRecordIntegrity"],"duration":20,"failureDetails":[],"failureMessages":[],"fullName":"IntegrityGateGenerative validateRecordIntegrity должен подтверждать целостность записи в БД","invocations":1,"location":null,"numPassingAsserts":1,"retryReasons":[],"status":"passed","title":"должен подтверждать целостность записи в БД"},{"ancestorTitles":["IntegrityGateGenerative","validateRecordIntegrity"],"duration":62,"failureDetails":[],"failureMessages":[],"fullName":"IntegrityGateGenerative validateRecordIntegrity должен возвращать false при нарушении целостности записи","invocations":1,"location":null,"numPassingAsserts":1,"retryReasons":[],"status":"passed","title":"должен возвращать false при нарушении целостности записи"}],"endTime":1771375887883,"message":"","name":"F:\\RAI_EP\\apps\\api\\src\\modules\\generative-engine\\validation\\integrity-gate-generative.spec.ts","startTime":1771375752488,"status":"passed","summary":""},{"assertionResults":[{"ancestorTitles":["ImmutabilityGuard","assertMutable (I18)"],"duration":36,"failureDetails":[],"failureMessages":[],"fullName":"ImmutabilityGuard assertMutable (I18) должен разрешать изменение DRAFT стратегий","invocations":1,"location":null,"numPassingAsserts":1,"retryReasons":[],"status":"passed","title":"должен разрешать изменение DRAFT стратегий"},{"ancestorTitles":["ImmutabilityGuard","assertMutable (I18)"],"duration":155,"failureDetails":[],"failureMessages":[],"fullName":"ImmutabilityGuard assertMutable (I18) должен ЗАПРЕЩАТЬ изменение PUBLISHED стратегий","invocations":1,"location":null,"numPassingAsserts":2,"retryReasons":[],"status":"passed","title":"должен ЗАПРЕЩАТЬ изменение PUBLISHED стратегий"},{"ancestorTitles":["ImmutabilityGuard","assertMutable (I18)"],"duration":23,"failureDetails":[],"failureMessages":[],"fullName":"ImmutabilityGuard assertMutable (I18) должен ЗАПРЕЩАТЬ изменение ARCHIVED стратегий","invocations":1,"location":null,"numPassingAsserts":1,"retryReasons":[],"status":"passed","title":"должен ЗАПРЕЩАТЬ изменение ARCHIVED стратегий"},{"ancestorTitles":["ImmutabilityGuard","softArchive"],"duration":92,"failureDetails":[],"failureMessages":[],"fullName":"ImmutabilityGuard softArchive должен позволять перевод PUBLISHED -> ARCHIVED","invocations":1,"location":null,"numPassingAsserts":1,"retryReasons":[],"status":"passed","title":"должен позволять перевод PUBLISHED -> ARCHIVED"}],"endTime":1771375888269,"message":"","name":"F:\\RAI_EP\\apps\\api\\src\\modules\\generative-engine\\domain\\immutability-guard.spec.ts","startTime":1771375880223,"status":"passed","summary":""},{"assertionResults":[{"ancestorTitles":["DeterministicGenerator"],"duration":106,"failureDetails":[],"failureMessages":[],"fullName":"DeterministicGenerator должен оркестровать детерминированный пайплайн корректно","invocations":1,"location":null,"numPassingAsserts":8,"retryReasons":[],"status":"passed","title":"должен оркестровать детерминированный пайплайн корректно"}],"endTime":1771375888370,"message":"","name":"F:\\RAI_EP\\apps\\api\\src\\modules\\generative-engine\\deterministic\\deterministic-generator.spec.ts","startTime":1771375879695,"status":"passed","summary":""},{"assertionResults":[{"ancestorTitles":["RationaleGenerator"],"duration":95,"failureDetails":[],"failureMessages":[],"fullName":"RationaleGenerator должен генерировать текст для критических факторов","invocations":1,"location":null,"numPassingAsserts":2,"retryReasons":[],"status":"passed","title":"должен генерировать текст для критических факторов"},{"ancestorTitles":["RationaleGenerator"],"duration":57,"failureDetails":[],"failureMessages":[],"fullName":"RationaleGenerator должен возвращать дефолтное сообщение если факторов нет","invocations":1,"location":null,"numPassingAsserts":1,"retryReasons":[],"status":"passed","title":"должен возвращать дефолтное сообщение если факторов нет"}],"endTime":1771375888385,"message":"","name":"F:\\RAI_EP\\apps\\api\\src\\modules\\generative-engine\\explainability\\rationale-generator.spec.ts","startTime":1771375885011,"status":"passed","summary":""},{"assertionResults":[{"ancestorTitles":["GenerativeEngine Adversarial Tests (G-IMPL-5)"],"duration":138,"failureDetails":[],"failureMessages":[],"fullName":"GenerativeEngine Adversarial Tests (G-IMPL-5) ADV-01: Should reject generation if seed derivation is bypassed (Direct Seed Injection attempt)","invocations":1,"location":null,"numPassingAsserts":1,"retryReasons":[],"status":"passed","title":"ADV-01: Should reject generation if seed derivation is bypassed (Direct Seed Injection attempt)"},{"ancestorTitles":["GenerativeEngine Adversarial Tests (G-IMPL-5)"],"duration":132,"failureDetails":[],"failureMessages":[],"fullName":"GenerativeEngine Adversarial Tests (G-IMPL-5) ADV-02: Should throw if Date.now() is called inside generative context","invocations":1,"location":null,"numPassingAsserts":1,"retryReasons":[],"status":"passed","title":"ADV-02: Should throw if Date.now() is called inside generative context"},{"ancestorTitles":["GenerativeEngine Adversarial Tests (G-IMPL-5)"],"duration":344,"failureDetails":[],"failureMessages":[],"fullName":"GenerativeEngine Adversarial Tests (G-IMPL-5) ADV-03: Should throw exactly if Math.random() is called inside generative context","invocations":1,"location":null,"numPassingAsserts":1,"retryReasons":[],"status":"passed","title":"ADV-03: Should throw exactly if Math.random() is called inside generative context"},{"ancestorTitles":["GenerativeEngine Adversarial Tests (G-IMPL-5)"],"duration":165,"failureDetails":[],"failureMessages":[],"fullName":"GenerativeEngine Adversarial Tests (G-IMPL-5) ADV-04: Should produce identical hash for different key order (Canonicalization)","invocations":1,"location":null,"numPassingAsserts":1,"retryReasons":[],"status":"passed","title":"ADV-04: Should produce identical hash for different key order (Canonicalization)"},{"ancestorTitles":["GenerativeEngine Adversarial Tests (G-IMPL-5)"],"duration":22,"failureDetails":[],"failureMessages":[],"fullName":"GenerativeEngine Adversarial Tests (G-IMPL-5) ADV-05: Should normalize whitespace in string values if implemented (or raw strings preserved)","invocations":1,"location":null,"numPassingAsserts":1,"retryReasons":[],"status":"passed","title":"ADV-05: Should normalize whitespace in string values if implemented (or raw strings preserved)"},{"ancestorTitles":["GenerativeEngine Adversarial Tests (G-IMPL-5)"],"duration":452,"failureDetails":[],"failureMessages":[],"fullName":"GenerativeEngine Adversarial Tests (G-IMPL-5) ADV-06: Should throw on Circular JSON input","invocations":1,"location":null,"numPassingAsserts":1,"retryReasons":[],"status":"passed","title":"ADV-06: Should throw on Circular JSON input"},{"ancestorTitles":["GenerativeEngine Adversarial Tests (G-IMPL-5)"],"duration":19,"failureDetails":[],"failureMessages":[],"fullName":"GenerativeEngine Adversarial Tests (G-IMPL-5) ADV-07: Should throw on undefined values in strict mode (or handle per contract)","invocations":1,"location":null,"numPassingAsserts":1,"retryReasons":[],"status":"passed","title":"ADV-07: Should throw on undefined values in strict mode (or handle per contract)"},{"ancestorTitles":["GenerativeEngine Adversarial Tests (G-IMPL-5)"],"duration":68,"failureDetails":[],"failureMessages":[],"fullName":"GenerativeEngine Adversarial Tests (G-IMPL-5) ADV-08: Should omit null values (Contract §1)","invocations":1,"location":null,"numPassingAsserts":1,"retryReasons":[],"status":"passed","title":"ADV-08: Should omit null values (Contract §1)"},{"ancestorTitles":["GenerativeEngine Adversarial Tests (G-IMPL-5)"],"duration":42,"failureDetails":[],"failureMessages":[],"fullName":"GenerativeEngine Adversarial Tests (G-IMPL-5) ADV-09: Should normalize float precision (Contract §1)","invocations":1,"location":null,"numPassingAsserts":1,"retryReasons":[],"status":"passed","title":"ADV-09: Should normalize float precision (Contract §1)"},{"ancestorTitles":["GenerativeEngine Adversarial Tests (G-IMPL-5)"],"duration":37,"failureDetails":[],"failureMessages":[],"fullName":"GenerativeEngine Adversarial Tests (G-IMPL-5) ADV-10: Should handle large payload reasonably (or fail gracefully)","invocations":1,"location":null,"numPassingAsserts":1,"retryReasons":[],"status":"passed","title":"ADV-10: Should handle large payload reasonably (or fail gracefully)"},{"ancestorTitles":["GenerativeEngine Adversarial Tests (G-IMPL-5)"],"duration":112,"failureDetails":[],"failureMessages":[],"fullName":"GenerativeEngine Adversarial Tests (G-IMPL-5) ADV-11: Should not serialize prototype properties","invocations":1,"location":null,"numPassingAsserts":1,"retryReasons":[],"status":"passed","title":"ADV-11: Should not serialize prototype properties"},{"ancestorTitles":["GenerativeEngine Adversarial Tests (G-IMPL-5)"],"duration":31,"failureDetails":[],"failureMessages":[],"fullName":"GenerativeEngine Adversarial Tests (G-IMPL-5) ADV-12: Should handle Unicode Normalization (NFC)","invocations":1,"location":null,"numPassingAsserts":1,"retryReasons":[],"status":"passed","title":"ADV-12: Should handle Unicode Normalization (NFC)"},{"ancestorTitles":["GenerativeEngine Adversarial Tests (G-IMPL-5)"],"duration":208,"failureDetails":[],"failureMessages":[],"fullName":"GenerativeEngine Adversarial Tests (G-IMPL-5) ADV-13: Should produce different result if input strategy changes even slightly","invocations":1,"location":null,"numPassingAsserts":2,"retryReasons":[],"status":"passed","title":"ADV-13: Should produce different result if input strategy changes even slightly"},{"ancestorTitles":["GenerativeEngine Adversarial Tests (G-IMPL-5)"],"duration":48,"failureDetails":[],"failureMessages":[],"fullName":"GenerativeEngine Adversarial Tests (G-IMPL-5) ADV-14: Should produce different result if strategy version changes","invocations":1,"location":null,"numPassingAsserts":1,"retryReasons":[],"status":"passed","title":"ADV-14: Should produce different result if strategy version changes"}],"endTime":1771375888783,"message":"","name":"F:\\RAI_EP\\apps\\api\\test\\generative-engine.adversarial.spec.ts","startTime":1771375878188,"status":"passed","summary":""},{"assertionResults":[{"ancestorTitles":["DraftFactory","createDraft"],"duration":87,"failureDetails":[],"failureMessages":[],"fullName":"DraftFactory createDraft должен создавать черновик со статусом GENERATED_DRAFT (I15)","invocations":1,"location":null,"numPassingAsserts":1,"retryReasons":[],"status":"passed","title":"должен создавать черновик со статусом GENERATED_DRAFT (I15)"},{"ancestorTitles":["DraftFactory","createDraft"],"duration":12,"failureDetails":[],"failureMessages":[],"fullName":"DraftFactory createDraft должен детерминированно сортировать стадии по sequence","invocations":1,"location":null,"numPassingAsserts":2,"retryReasons":[],"status":"passed","title":"должен детерминированно сортировать стадии по sequence"},{"ancestorTitles":["DraftFactory","createDraft"],"duration":45,"failureDetails":[],"failureMessages":[],"fullName":"DraftFactory createDraft должен сохранять метаданные генерации (I16)","invocations":1,"location":null,"numPassingAsserts":1,"retryReasons":[],"status":"passed","title":"должен сохранять метаданные генерации (I16)"},{"ancestorTitles":["DraftFactory","assertHumanApproval (I17)"],"duration":132,"failureDetails":[],"failureMessages":[],"fullName":"DraftFactory assertHumanApproval (I17) должен позволять AGRONOMIST утверждать","invocations":1,"location":null,"numPassingAsserts":1,"retryReasons":[],"status":"passed","title":"должен позволять AGRONOMIST утверждать"},{"ancestorTitles":["DraftFactory","assertHumanApproval (I17)"],"duration":117,"failureDetails":[],"failureMessages":[],"fullName":"DraftFactory assertHumanApproval (I17) должен запрещать SYSTEM утверждать","invocations":1,"location":null,"numPassingAsserts":1,"retryReasons":[],"status":"passed","title":"должен запрещать SYSTEM утверждать"}],"endTime":1771375888821,"message":"","name":"F:\\RAI_EP\\apps\\api\\src\\modules\\generative-engine\\domain\\draft-factory.spec.ts","startTime":1771375884418,"status":"passed","summary":""},{"assertionResults":[{"ancestorTitles":["ExpectationCalculator"],"duration":30,"failureDetails":[],"failureMessages":[],"fullName":"ExpectationCalculator должен рассчитывать мат. ожидание","invocations":1,"location":null,"numPassingAsserts":1,"retryReasons":[],"status":"passed","title":"должен рассчитывать мат. ожидание"},{"ancestorTitles":["ExpectationCalculator"],"duration":168,"failureDetails":[],"failureMessages":[],"fullName":"ExpectationCalculator должен кидать ошибку при несовпадении длин","invocations":1,"location":null,"numPassingAsserts":1,"retryReasons":[],"status":"passed","title":"должен кидать ошибку при несовпадении длин"}],"endTime":1771375889043,"message":"","name":"F:\\RAI_EP\\apps\\api\\src\\modules\\generative-engine\\probability\\expectation-calculator.spec.ts","startTime":1771375886161,"status":"passed","summary":""},{"assertionResults":[{"ancestorTitles":["YieldForecastService"],"duration":54,"failureDetails":[],"failureMessages":[],"fullName":"YieldForecastService должен вызывать engine с собранным snapshot","invocations":1,"location":null,"numPassingAsserts":3,"retryReasons":[],"status":"passed","title":"должен вызывать engine с собранным snapshot"}],"endTime":1771375890571,"message":"","name":"F:\\RAI_EP\\apps\\api\\src\\modules\\generative-engine\\yield\\yield-forecast.service.spec.ts","startTime":1771375888867,"status":"passed","summary":""},{"assertionResults":[{"ancestorTitles":["ConstraintPropagator"],"duration":71,"failureDetails":[],"failureMessages":[],"fullName":"ConstraintPropagator должен прокидывать ограничения в черновик (I21)","invocations":1,"location":null,"numPassingAsserts":2,"retryReasons":[],"status":"passed","title":"должен прокидывать ограничения в черновик (I21)"},{"ancestorTitles":["ConstraintPropagator"],"duration":37,"failureDetails":[],"failureMessages":[],"fullName":"ConstraintPropagator должен возвращать новый объект (или модифицированный по ссылке, но мы проверяем результат)","invocations":1,"location":null,"numPassingAsserts":2,"retryReasons":[],"status":"passed","title":"должен возвращать новый объект (или модифицированный по ссылке, но мы проверяем результат)"}],"endTime":1771375890975,"message":"","name":"F:\\RAI_EP\\apps\\api\\src\\modules\\generative-engine\\domain\\constraint-propagator.spec.ts","startTime":1771375888840,"status":"passed","summary":""},{"assertionResults":[{"ancestorTitles":["CanonicalSorter","CANON-01: Idempotency"],"duration":50,"failureDetails":[],"failureMessages":[],"fullName":"CanonicalSorter CANON-01: Idempotency должен быть idempotent для простого объекта","invocations":1,"location":null,"numPassingAsserts":1,"retryReasons":[],"status":"passed","title":"должен быть idempotent для простого объекта"},{"ancestorTitles":["CanonicalSorter","CANON-01: Idempotency"],"duration":13,"failureDetails":[],"failureMessages":[],"fullName":"CanonicalSorter CANON-01: Idempotency должен быть idempotent для вложенного объекта","invocations":1,"location":null,"numPassingAsserts":1,"retryReasons":[],"status":"passed","title":"должен быть idempotent для вложенного объекта"},{"ancestorTitles":["CanonicalSorter","CANON-01: Idempotency"],"duration":67,"failureDetails":[],"failureMessages":[],"fullName":"CanonicalSorter CANON-01: Idempotency assertIdempotent должен пройти для валидного canonical","invocations":1,"location":null,"numPassingAsserts":1,"retryReasons":[],"status":"passed","title":"assertIdempotent должен пройти для валидного canonical"},{"ancestorTitles":["CanonicalSorter","CANON-01: Idempotency"],"duration":166,"failureDetails":[],"failureMessages":[],"fullName":"CanonicalSorter CANON-01: Idempotency assertIdempotent должен throw для невалидного JSON","invocations":1,"location":null,"numPassingAsserts":1,"retryReasons":[],"status":"passed","title":"assertIdempotent должен throw для невалидного JSON"},{"ancestorTitles":["CanonicalSorter","CANON-02: Order Independence"],"duration":74,"failureDetails":[],"failureMessages":[],"fullName":"CanonicalSorter CANON-02: Order Independence ключи в разном порядке → одинаковый canonical","invocations":1,"location":null,"numPassingAsserts":2,"retryReasons":[],"status":"passed","title":"ключи в разном порядке → одинаковый canonical"},{"ancestorTitles":["CanonicalSorter","CANON-02: Order Independence"],"duration":13,"failureDetails":[],"failureMessages":[],"fullName":"CanonicalSorter CANON-02: Order Independence вложенные объекты с разным порядком ключей → одинаковый canonical","invocations":1,"location":null,"numPassingAsserts":1,"retryReasons":[],"status":"passed","title":"вложенные объекты с разным порядком ключей → одинаковый canonical"},{"ancestorTitles":["CanonicalSorter","CANON-03: Deep Recursion"],"duration":13,"failureDetails":[],"failureMessages":[],"fullName":"CanonicalSorter CANON-03: Deep Recursion массивы НЕ пересортировываются (domain order)","invocations":1,"location":null,"numPassingAsserts":1,"retryReasons":[],"status":"passed","title":"массивы НЕ пересортировываются (domain order)"},{"ancestorTitles":["CanonicalSorter","CANON-03: Deep Recursion"],"duration":41,"failureDetails":[],"failureMessages":[],"fullName":"CanonicalSorter CANON-03: Deep Recursion вложенные массивы объектов — объекты сортируются, массивы нет","invocations":1,"location":null,"numPassingAsserts":1,"retryReasons":[],"status":"passed","title":"вложенные массивы объектов — объекты сортируются, массивы нет"},{"ancestorTitles":["CanonicalSorter","CANON-03: Deep Recursion"],"duration":41,"failureDetails":[],"failureMessages":[],"fullName":"CanonicalSorter CANON-03: Deep Recursion глубоко вложенные структуры","invocations":1,"location":null,"numPassingAsserts":2,"retryReasons":[],"status":"passed","title":"глубоко вложенные структуры"},{"ancestorTitles":["CanonicalSorter","CANON-04: Edge Cases"],"duration":13,"failureDetails":[],"failureMessages":[],"fullName":"CanonicalSorter CANON-04: Edge Cases null в объекте → пропускается","invocations":1,"location":null,"numPassingAsserts":1,"retryReasons":[],"status":"passed","title":"null в объекте → пропускается"},{"ancestorTitles":["CanonicalSorter","CANON-04: Edge Cases"],"duration":18,"failureDetails":[],"failureMessages":[],"fullName":"CanonicalSorter CANON-04: Edge Cases null в массиве → пропускается","invocations":1,"location":null,"numPassingAsserts":1,"retryReasons":[],"status":"passed","title":"null в массиве → пропускается"},{"ancestorTitles":["CanonicalSorter","CANON-04: Edge Cases"],"duration":28,"failureDetails":[],"failureMessages":[],"fullName":"CanonicalSorter CANON-04: Edge Cases undefined → throw","invocations":1,"location":null,"numPassingAsserts":2,"retryReasons":[],"status":"passed","title":"undefined → throw"},{"ancestorTitles":["CanonicalSorter","CANON-04: Edge Cases"],"duration":26,"failureDetails":[],"failureMessages":[],"fullName":"CanonicalSorter CANON-04: Edge Cases Date → ISO 8601 string","invocations":1,"location":null,"numPassingAsserts":1,"retryReasons":[],"status":"passed","title":"Date → ISO 8601 string"},{"ancestorTitles":["CanonicalSorter","CANON-04: Edge Cases"],"duration":29,"failureDetails":[],"failureMessages":[],"fullName":"CanonicalSorter CANON-04: Edge Cases Infinity → throw","invocations":1,"location":null,"numPassingAsserts":2,"retryReasons":[],"status":"passed","title":"Infinity → throw"},{"ancestorTitles":["CanonicalSorter","CANON-04: Edge Cases"],"duration":38,"failureDetails":[],"failureMessages":[],"fullName":"CanonicalSorter CANON-04: Edge Cases NaN → throw","invocations":1,"location":null,"numPassingAsserts":1,"retryReasons":[],"status":"passed","title":"NaN → throw"},{"ancestorTitles":["CanonicalSorter","CANON-05: String Normalization"],"duration":9,"failureDetails":[],"failureMessages":[],"fullName":"CanonicalSorter CANON-05: String Normalization NFC normalization для строк","invocations":1,"location":null,"numPassingAsserts":1,"retryReasons":[],"status":"passed","title":"NFC normalization для строк"},{"ancestorTitles":["CanonicalSorter","CANON-06: Float Precision"],"duration":15,"failureDetails":[],"failureMessages":[],"fullName":"CanonicalSorter CANON-06: Float Precision float → toFixed(6)","invocations":1,"location":null,"numPassingAsserts":1,"retryReasons":[],"status":"passed","title":"float → toFixed(6)"},{"ancestorTitles":["CanonicalSorter","CANON-06: Float Precision"],"duration":83,"failureDetails":[],"failureMessages":[],"fullName":"CanonicalSorter CANON-06: Float Precision integer остаётся integer","invocations":1,"location":null,"numPassingAsserts":1,"retryReasons":[],"status":"passed","title":"integer остаётся integer"},{"ancestorTitles":["CanonicalSorter","CANON-06: Float Precision"],"duration":15,"failureDetails":[],"failureMessages":[],"fullName":"CanonicalSorter CANON-06: Float Precision float с trailing zeros → toFixed(6)","invocations":1,"location":null,"numPassingAsserts":1,"retryReasons":[],"status":"passed","title":"float с trailing zeros → toFixed(6)"},{"ancestorTitles":["CanonicalSorter","CANON-07: Unsupported Types"],"duration":30,"failureDetails":[],"failureMessages":[],"fullName":"CanonicalSorter CANON-07: Unsupported Types function → throw","invocations":1,"location":null,"numPassingAsserts":1,"retryReasons":[],"status":"passed","title":"function → throw"},{"ancestorTitles":["CanonicalSorter","CANON-07: Unsupported Types"],"duration":83,"failureDetails":[],"failureMessages":[],"fullName":"CanonicalSorter CANON-07: Unsupported Types symbol → throw","invocations":1,"location":null,"numPassingAsserts":1,"retryReasons":[],"status":"passed","title":"symbol → throw"},{"ancestorTitles":["CanonicalSorter","CANON-08: Real-world GenerationParams"],"duration":36,"failureDetails":[],"failureMessages":[],"fullName":"CanonicalSorter CANON-08: Real-world GenerationParams GenerationParams каноникализируется детерминированно","invocations":1,"location":null,"numPassingAsserts":1,"retryReasons":[],"status":"passed","title":"GenerationParams каноникализируется детерминированно"}],"endTime":1771375891060,"message":"","name":"F:\\RAI_EP\\apps\\api\\src\\modules\\generative-engine\\deterministic\\canonical-sorter.spec.ts","startTime":1771375888018,"status":"passed","summary":""},{"assertionResults":[{"ancestorTitles":["ScenarioExecutor"],"duration":22,"failureDetails":[],"failureMessages":[],"fullName":"ScenarioExecutor должен применять изменения к черновику (in-memory)","invocations":1,"location":null,"numPassingAsserts":2,"retryReasons":[],"status":"passed","title":"должен применять изменения к черновику (in-memory)"},{"ancestorTitles":["ScenarioExecutor"],"duration":106,"failureDetails":[],"failureMessages":[],"fullName":"ScenarioExecutor должен возвращать копию черновика даже без изменений","invocations":1,"location":null,"numPassingAsserts":2,"retryReasons":[],"status":"passed","title":"должен возвращать копию черновика даже без изменений"}],"endTime":1771375891358,"message":"","name":"F:\\RAI_EP\\apps\\api\\src\\modules\\generative-engine\\simulation\\scenario-executor.spec.ts","startTime":1771375888422,"status":"passed","summary":""},{"assertionResults":[{"ancestorTitles":["DeterministicForecastEngine"],"duration":159,"failureDetails":[],"failureMessages":[],"fullName":"DeterministicForecastEngine должен рассчитывать прогноз детерминированно","invocations":1,"location":null,"numPassingAsserts":3,"retryReasons":[],"status":"passed","title":"должен рассчитывать прогноз детерминированно"},{"ancestorTitles":["DeterministicForecastEngine"],"duration":17,"failureDetails":[],"failureMessages":[],"fullName":"DeterministicForecastEngine должен учитывать высокий уровень осадков","invocations":1,"location":null,"numPassingAsserts":1,"retryReasons":[],"status":"passed","title":"должен учитывать высокий уровень осадков"}],"endTime":1771375891518,"message":"","name":"F:\\RAI_EP\\apps\\api\\src\\modules\\generative-engine\\yield\\deterministic-forecast-engine.spec.ts","startTime":1771375889192,"status":"passed","summary":""},{"assertionResults":[{"ancestorTitles":["SeedManager","SEED-01: Deterministic Derivation"],"duration":41,"failureDetails":[],"failureMessages":[],"fullName":"SeedManager SEED-01: Deterministic Derivation одинаковый input → одинаковый seed string","invocations":1,"location":null,"numPassingAsserts":2,"retryReasons":[],"status":"passed","title":"одинаковый input → одинаковый seed string"},{"ancestorTitles":["SeedManager","SEED-01: Deterministic Derivation"],"duration":21,"failureDetails":[],"failureMessages":[],"fullName":"SeedManager SEED-01: Deterministic Derivation результат должен быть валидным uint32 в строковом виде","invocations":1,"location":null,"numPassingAsserts":2,"retryReasons":[],"status":"passed","title":"результат должен быть валидным uint32 в строковом виде"},{"ancestorTitles":["SeedManager","SEED-01: Deterministic Derivation"],"duration":8,"failureDetails":[],"failureMessages":[],"fullName":"SeedManager SEED-01: Deterministic Derivation разный input → чаще всего разный seed (SHA-256)","invocations":1,"location":null,"numPassingAsserts":1,"retryReasons":[],"status":"passed","title":"разный input → чаще всего разный seed (SHA-256)"},{"ancestorTitles":["SeedManager","SEED-02: No Random Fallback"],"duration":264,"failureDetails":[],"failureMessages":[],"fullName":"SeedManager SEED-02: No Random Fallback пустая строка → throw SeedDerivationError","invocations":1,"location":null,"numPassingAsserts":2,"retryReasons":[],"status":"passed","title":"пустая строка → throw SeedDerivationError"},{"ancestorTitles":["SeedManager","SEED-02: No Random Fallback"],"duration":30,"failureDetails":[],"failureMessages":[],"fullName":"SeedManager SEED-02: No Random Fallback null/undefined в resolveSeed без explicitSeed → throw","invocations":1,"location":null,"numPassingAsserts":1,"retryReasons":[],"status":"passed","title":"null/undefined в resolveSeed без explicitSeed → throw"},{"ancestorTitles":["SeedManager","SEED-03: Explicit Seed Validation"],"duration":124,"failureDetails":[],"failureMessages":[],"fullName":"SeedManager SEED-03: Explicit Seed Validation валидный uint32 string → возвращает как есть","invocations":1,"location":null,"numPassingAsserts":3,"retryReasons":[],"status":"passed","title":"валидный uint32 string → возвращает как есть"},{"ancestorTitles":["SeedManager","SEED-03: Explicit Seed Validation"],"duration":36,"failureDetails":[],"failureMessages":[],"fullName":"SeedManager SEED-03: Explicit Seed Validation не-числовая строка → throw SeedDerivationError","invocations":1,"location":null,"numPassingAsserts":1,"retryReasons":[],"status":"passed","title":"не-числовая строка → throw SeedDerivationError"},{"ancestorTitles":["SeedManager","SEED-03: Explicit Seed Validation"],"duration":192,"failureDetails":[],"failureMessages":[],"fullName":"SeedManager SEED-03: Explicit Seed Validation отрицательное число → throw SeedDerivationError","invocations":1,"location":null,"numPassingAsserts":1,"retryReasons":[],"status":"passed","title":"отрицательное число → throw SeedDerivationError"},{"ancestorTitles":["SeedManager","SEED-03: Explicit Seed Validation"],"duration":19,"failureDetails":[],"failureMessages":[],"fullName":"SeedManager SEED-03: Explicit Seed Validation число > 2^32-1 → throw SeedDerivationError","invocations":1,"location":null,"numPassingAsserts":1,"retryReasons":[],"status":"passed","title":"число > 2^32-1 → throw SeedDerivationError"},{"ancestorTitles":["SeedManager","SEED-03: Explicit Seed Validation"],"duration":27,"failureDetails":[],"failureMessages":[],"fullName":"SeedManager SEED-03: Explicit Seed Validation пустая строка → throw SeedDerivationError","invocations":1,"location":null,"numPassingAsserts":1,"retryReasons":[],"status":"passed","title":"пустая строка → throw SeedDerivationError"},{"ancestorTitles":["SeedManager","SEED-04: Resolve Policy"],"duration":25,"failureDetails":[],"failureMessages":[],"fullName":"SeedManager SEED-04: Resolve Policy если есть explicitSeed → использует его","invocations":1,"location":null,"numPassingAsserts":1,"retryReasons":[],"status":"passed","title":"если есть explicitSeed → использует его"},{"ancestorTitles":["SeedManager","SEED-04: Resolve Policy"],"duration":23,"failureDetails":[],"failureMessages":[],"fullName":"SeedManager SEED-04: Resolve Policy если нет explicitSeed → вычисляет из каноникализации","invocations":1,"location":null,"numPassingAsserts":1,"retryReasons":[],"status":"passed","title":"если нет explicitSeed → вычисляет из каноникализации"},{"ancestorTitles":["SeedManager","SEED-05: PRNG Sequence Determinism"],"duration":27,"failureDetails":[],"failureMessages":[],"fullName":"SeedManager SEED-05: PRNG Sequence Determinism одинаковый seed → одинаковая последовательность [0, 1)","invocations":1,"location":null,"numPassingAsserts":12,"retryReasons":[],"status":"passed","title":"одинаковый seed → одинаковая последовательность [0, 1)"},{"ancestorTitles":["SeedManager","SEED-05: PRNG Sequence Determinism"],"duration":14,"failureDetails":[],"failureMessages":[],"fullName":"SeedManager SEED-05: PRNG Sequence Determinism разный seed → разная последовательность","invocations":1,"location":null,"numPassingAsserts":1,"retryReasons":[],"status":"passed","title":"разный seed → разная последовательность"}],"endTime":1771375891537,"message":"","name":"F:\\RAI_EP\\apps\\api\\src\\modules\\generative-engine\\deterministic\\seed-manager.spec.ts","startTime":1771375888338,"status":"passed","summary":""},{"assertionResults":[{"ancestorTitles":["FactorExtractor"],"duration":138,"failureDetails":[],"failureMessages":[],"fullName":"FactorExtractor должен извлекать факторы из ограничений","invocations":1,"location":null,"numPassingAsserts":4,"retryReasons":[],"status":"passed","title":"должен извлекать факторы из ограничений"},{"ancestorTitles":["FactorExtractor"],"duration":28,"failureDetails":[],"failureMessages":[],"fullName":"FactorExtractor должен извлекать фактор модели","invocations":1,"location":null,"numPassingAsserts":3,"retryReasons":[],"status":"passed","title":"должен извлекать фактор модели"}],"endTime":1771375891690,"message":"","name":"F:\\RAI_EP\\apps\\api\\src\\modules\\generative-engine\\explainability\\factor-extractor.spec.ts","startTime":1771375888426,"status":"passed","summary":""},{"assertionResults":[{"ancestorTitles":["StableHasher","HASH-01: Baseline SHA-256"],"duration":39,"failureDetails":[],"failureMessages":[],"fullName":"StableHasher HASH-01: Baseline SHA-256 должен возвращать 64-символьную hex строку","invocations":1,"location":null,"numPassingAsserts":2,"retryReasons":[],"status":"passed","title":"должен возвращать 64-символьную hex строку"},{"ancestorTitles":["StableHasher","HASH-01: Baseline SHA-256"],"duration":9,"failureDetails":[],"failureMessages":[],"fullName":"StableHasher HASH-01: Baseline SHA-256 одинаковый input → одинаковый hash","invocations":1,"location":null,"numPassingAsserts":1,"retryReasons":[],"status":"passed","title":"одинаковый input → одинаковый hash"},{"ancestorTitles":["StableHasher","HASH-02: Generation Hash Contract"],"duration":11,"failureDetails":[],"failureMessages":[],"fullName":"StableHasher HASH-02: Generation Hash Contract hashGeneration должен следовать контракту payload|version|seed","invocations":1,"location":null,"numPassingAsserts":1,"retryReasons":[],"status":"passed","title":"hashGeneration должен следовать контракту payload|version|seed"},{"ancestorTitles":["StableHasher","HASH-02: Generation Hash Contract"],"duration":12,"failureDetails":[],"failureMessages":[],"fullName":"StableHasher HASH-02: Generation Hash Contract изменение любого компонента → изменение хеша","invocations":1,"location":null,"numPassingAsserts":3,"retryReasons":[],"status":"passed","title":"изменение любого компонента → изменение хеша"},{"ancestorTitles":["StableHasher","HASH-03: Verification"],"duration":16,"failureDetails":[],"failureMessages":[],"fullName":"StableHasher HASH-03: Verification verify/verifyGeneration должны возвращать true при совпадении","invocations":1,"location":null,"numPassingAsserts":2,"retryReasons":[],"status":"passed","title":"verify/verifyGeneration должны возвращать true при совпадении"}],"endTime":1771375892705,"message":"","name":"F:\\RAI_EP\\apps\\api\\src\\modules\\generative-engine\\deterministic\\stable-hasher.spec.ts","startTime":1771375890670,"status":"passed","summary":""},{"assertionResults":[{"ancestorTitles":["MetadataBuilder"],"duration":55,"failureDetails":[],"failureMessages":[],"fullName":"MetadataBuilder должен строить метаданные корректно","invocations":1,"location":null,"numPassingAsserts":4,"retryReasons":[],"status":"passed","title":"должен строить метаданные корректно"}],"endTime":1771375893256,"message":"","name":"F:\\RAI_EP\\apps\\api\\src\\modules\\generative-engine\\domain\\metadata-builder.spec.ts","startTime":1771375891315,"status":"passed","summary":""},{"assertionResults":[{"ancestorTitles":["ExplainabilityBuilder"],"duration":54,"failureDetails":[],"failureMessages":[],"fullName":"ExplainabilityBuilder должен строить отчет используя зависимости","invocations":1,"location":null,"numPassingAsserts":4,"retryReasons":[],"status":"passed","title":"должен строить отчет используя зависимости"}],"endTime":1771375893304,"message":"","name":"F:\\RAI_EP\\apps\\api\\src\\modules\\generative-engine\\explainability\\explainability-builder.spec.ts","startTime":1771375891026,"status":"passed","summary":""},{"assertionResults":[],"coverage":{},"endTime":1771375924776,"message":"  ● Test suite failed to run\n\n    \u001b[96msrc/modules/generative-engine/record/generation-record.service.spec.ts\u001b[0m:\u001b[93m3\u001b[0m:\u001b[93m31\u001b[0m - \u001b[91merror\u001b[0m\u001b[90m TS2307: \u001b[0mCannot find module '../../../prisma/prisma.service' or its corresponding type declarations.\n\n    \u001b[7m3\u001b[0m import { PrismaService } from '../../../prisma/prisma.service';\n    \u001b[7m \u001b[0m \u001b[91m                              ~~~~~~~~~~~~~~~~~~~~~~~~~~~~~~~~\u001b[0m\n    \u001b[96msrc/modules/generative-engine/record/generation-record.service.spec.ts\u001b[0m:\u001b[93m50\u001b[0m:\u001b[93m56\u001b[0m - \u001b[91merror\u001b[0m\u001b[90m TS2345: \u001b[0mArgument of type 'string' is not assignable to parameter of type 'Record<string, unknown>'.\n\n    \u001b[7m50\u001b[0m             await service.createRecord(draft, payload, companyId, { summary: 'report' });\n    \u001b[7m  \u001b[0m \u001b[91m                                                       ~~~~~~~~~\u001b[0m\n    \u001b[96msrc/modules/generative-engine/record/generation-record.service.spec.ts\u001b[0m:\u001b[93m65\u001b[0m:\u001b[93m59\u001b[0m - \u001b[91merror\u001b[0m\u001b[90m TS2345: \u001b[0mArgument of type 'string' is not assignable to parameter of type 'Record<string, unknown>'.\n\n    \u001b[7m65\u001b[0m             await expect(service.createRecord(draft, 'p', 'c', null))\n    \u001b[7m  \u001b[0m \u001b[91m                                                          ~~~\u001b[0m\n","name":"F:\\RAI_EP\\apps\\api\\src\\modules\\generative-engine\\record\\generation-record.service.spec.ts","startTime":1771375924776,"status":"failed","summary":""}],"wasInterrupted":false}
