{"numFailedTestSuites":1,"numFailedTests":0,"numPassedTestSuites":0,"numPassedTests":0,"numPendingTestSuites":0,"numPendingTests":0,"numRuntimeErrorTestSuites":1,"numTodoTests":0,"numTotalTestSuites":1,"numTotalTests":0,"openHandles":[],"snapshot":{"added":0,"didUpdate":false,"failure":false,"filesAdded":0,"filesRemoved":0,"filesRemovedList":[],"filesUnmatched":0,"filesUpdated":0,"matched":0,"total":0,"unchecked":0,"uncheckedKeysByFile":[],"unmatched":0,"updated":0},"startTime":1771542668761,"success":false,"testResults":[{"assertionResults":[],"coverage":{},"endTime":1771542735063,"message":"  ● Test suite failed to run\n\n    \u001b[96mtest/shared/idempotency/idempotency.interceptor.spec.ts\u001b[0m:\u001b[93m2\u001b[0m:\u001b[93m40\u001b[0m - \u001b[91merror\u001b[0m\u001b[90m TS2307: \u001b[0mCannot find module '../../src/shared/idempotency/idempotency.interceptor' or its corresponding type declarations.\n\n    \u001b[7m2\u001b[0m import { IdempotencyInterceptor } from '../../src/shared/idempotency/idempotency.interceptor';\n    \u001b[7m \u001b[0m \u001b[91m                                       ~~~~~~~~~~~~~~~~~~~~~~~~~~~~~~~~~~~~~~~~~~~~~~~~~~~~~~\u001b[0m\n    \u001b[96mtest/shared/idempotency/idempotency.interceptor.spec.ts\u001b[0m:\u001b[93m3\u001b[0m:\u001b[93m30\u001b[0m - \u001b[91merror\u001b[0m\u001b[90m TS2307: \u001b[0mCannot find module '../../src/shared/redis/redis.service' or its corresponding type declarations.\n\n    \u001b[7m3\u001b[0m import { RedisService } from '../../src/shared/redis/redis.service';\n    \u001b[7m \u001b[0m \u001b[91m                             ~~~~~~~~~~~~~~~~~~~~~~~~~~~~~~~~~~~~~~\u001b[0m\n","name":"F:\\RAI_EP\\apps\\api\\test\\shared\\idempotency\\idempotency.interceptor.spec.ts","startTime":1771542735063,"status":"failed","summary":""}],"wasInterrupted":false}
